<?xml version="1.0" encoding="UTF-8"?>
<robot generator="Robot 3.2.1 (Python 3.7.7 on darwin)" generated="20200517 01:36:50.559" rpa="false">
<suite id="s1" name="Test" source="/Users/khwankamolnakbanlang/Desktop/page_speed_insight/robot_exam/Testcases/test.robot">
<test id="s1-t1" name="Step : Input URL To Analyze">
<kw name="Input URL To Analyze">
<arguments>
<arg>@{URL_CHECK}</arg>
</arguments>
<kw name="Create List" library="BuiltIn">
<doc>Returns a list containing given items.</doc>
<arguments>
<arg>URL</arg>
<arg>TYPE</arg>
<arg>TIME</arg>
<arg>DATE</arg>
</arguments>
<assign>
<var>${Header}</var>
</assign>
<msg timestamp="20200517 01:36:50.746" level="INFO">${Header} = ['URL', 'TYPE', 'TIME', 'DATE']</msg>
<status status="PASS" starttime="20200517 01:36:50.746" endtime="20200517 01:36:50.746"></status>
</kw>
<kw name="${URL} IN [ @{URL_CHECK} ]" type="for">
<kw name="${URL} = https://www.wemall.com/" type="foritem">
<kw name="Go To Pagespeed Insights">
<kw name="Open Browser" library="Selenium2Library">
<doc>Opens a new browser instance to the optional ``url``.</doc>
<arguments>
<arg>https://developers.google.com/speed/pagespeed/insights</arg>
<arg>gc</arg>
</arguments>
<msg timestamp="20200517 01:36:50.747" level="INFO">Opening browser 'gc' to base url 'https://developers.google.com/speed/pagespeed/insights'.</msg>
<status status="PASS" starttime="20200517 01:36:50.747" endtime="20200517 01:36:54.113"></status>
</kw>
<status status="PASS" starttime="20200517 01:36:50.746" endtime="20200517 01:36:54.114"></status>
</kw>
<kw name="Wait Until Element Is Visible" library="Selenium2Library">
<doc>Waits until the element ``locator`` is visible.</doc>
<arguments>
<arg>${txt_url}</arg>
<arg>${timeout_10m}</arg>
</arguments>
<status status="PASS" starttime="20200517 01:36:54.114" endtime="20200517 01:36:54.136"></status>
</kw>
<kw name="Wait Until Element Is Visible" library="Selenium2Library">
<doc>Waits until the element ``locator`` is visible.</doc>
<arguments>
<arg>${btn_analyze}</arg>
<arg>${timeout_10m}</arg>
</arguments>
<status status="PASS" starttime="20200517 01:36:54.136" endtime="20200517 01:36:54.154"></status>
</kw>
<kw name="Input Text" library="Selenium2Library">
<doc>Types the given ``text`` into the text field identified by ``locator``.</doc>
<arguments>
<arg>${txt_url}</arg>
<arg>${URL}</arg>
</arguments>
<msg timestamp="20200517 01:36:54.154" level="INFO">Typing text 'https://www.wemall.com/' into text field '//input[@class="url label-input-label"]'.</msg>
<status status="PASS" starttime="20200517 01:36:54.154" endtime="20200517 01:36:54.301"></status>
</kw>
<kw name="Click Element" library="Selenium2Library">
<doc>Click the element identified by ``locator``.</doc>
<arguments>
<arg>${btn_analyze}</arg>
</arguments>
<msg timestamp="20200517 01:36:54.301" level="INFO">Clicking element '//div[@class="button button-red analyze jfk-button main-submit"]'.</msg>
<status status="PASS" starttime="20200517 01:36:54.301" endtime="20200517 01:36:54.344"></status>
</kw>
<kw name="Click On Tab Desktop">
<kw name="Wait Until Element Is Visible" library="Selenium2Library">
<doc>Waits until the element ``locator`` is visible.</doc>
<arguments>
<arg>${div_desktop_tab}</arg>
<arg>30</arg>
</arguments>
<status status="PASS" starttime="20200517 01:36:54.345" endtime="20200517 01:37:15.090"></status>
</kw>
<kw name="Click Element" library="Selenium2Library">
<doc>Click the element identified by ``locator``.</doc>
<arguments>
<arg>${div_desktop_tab}</arg>
</arguments>
<msg timestamp="20200517 01:37:15.090" level="INFO">Clicking element '//div[@class="goog-tab"]'.</msg>
<status status="PASS" starttime="20200517 01:37:15.090" endtime="20200517 01:37:15.181"></status>
</kw>
<status status="PASS" starttime="20200517 01:36:54.345" endtime="20200517 01:37:15.181"></status>
</kw>
<kw name="Show Metric By Lab Data ID">
<arguments>
<arg>${URL}</arg>
<arg>@{LAB_DATA}</arg>
</arguments>
<kw name="${lab_data_id} IN [ @{LAB_DATA} ]" type="for">
<kw name="${lab_data_id} = first-contentful-paint" type="foritem">
<kw name="Replace String" library="String">
<doc>Replaces ``search_for`` in the given ``string`` with ``replace_with``.</doc>
<arguments>
<arg>${lbl_lab_data_id}</arg>
<arg>v_lab_data_id</arg>
<arg>${lab_data_id}</arg>
</arguments>
<assign>
<var>${locator_lbl_first_contentful_paint}</var>
</assign>
<msg timestamp="20200517 01:37:15.182" level="INFO">${locator_lbl_first_contentful_paint} = (//div[contains(@class, "lh-metric lh-metric")][@id="first-contentful-paint"]/div//div[@class="lh-metric__value"])[2]</msg>
<status status="PASS" starttime="20200517 01:37:15.182" endtime="20200517 01:37:15.182"></status>
</kw>
<kw name="Wait Until Element Is Visible" library="Selenium2Library">
<doc>Waits until the element ``locator`` is visible.</doc>
<arguments>
<arg>${locator_lbl_first_contentful_paint}</arg>
<arg>${timeout_10m}</arg>
</arguments>
<status status="PASS" starttime="20200517 01:37:15.182" endtime="20200517 01:37:15.218"></status>
</kw>
<kw name="Get Text" library="Selenium2Library">
<doc>Returns the text value of the element identified by ``locator``.</doc>
<arguments>
<arg>${locator_lbl_first_contentful_paint}</arg>
</arguments>
<assign>
<var>${resp}</var>
</assign>
<msg timestamp="20200517 01:37:15.240" level="INFO">${resp} = 0.8 s</msg>
<status status="PASS" starttime="20200517 01:37:15.218" endtime="20200517 01:37:15.240"></status>
</kw>
<kw name="Write File To Csv" library="Libwritefile">
<arguments>
<arg>${URL}</arg>
<arg>${lab_data_id}</arg>
<arg>${resp}</arg>
</arguments>
<msg timestamp="20200517 01:37:15.241" level="INFO">first-contentful-paint</msg>
<status status="PASS" starttime="20200517 01:37:15.241" endtime="20200517 01:37:15.241"></status>
</kw>
<status status="PASS" starttime="20200517 01:37:15.181" endtime="20200517 01:37:15.241"></status>
</kw>
<kw name="${lab_data_id} = first-meaningful-paint" type="foritem">
<kw name="Replace String" library="String">
<doc>Replaces ``search_for`` in the given ``string`` with ``replace_with``.</doc>
<arguments>
<arg>${lbl_lab_data_id}</arg>
<arg>v_lab_data_id</arg>
<arg>${lab_data_id}</arg>
</arguments>
<assign>
<var>${locator_lbl_first_contentful_paint}</var>
</assign>
<msg timestamp="20200517 01:37:15.242" level="INFO">${locator_lbl_first_contentful_paint} = (//div[contains(@class, "lh-metric lh-metric")][@id="first-meaningful-paint"]/div//div[@class="lh-metric__value"])[2]</msg>
<status status="PASS" starttime="20200517 01:37:15.242" endtime="20200517 01:37:15.242"></status>
</kw>
<kw name="Wait Until Element Is Visible" library="Selenium2Library">
<doc>Waits until the element ``locator`` is visible.</doc>
<arguments>
<arg>${locator_lbl_first_contentful_paint}</arg>
<arg>${timeout_10m}</arg>
</arguments>
<status status="PASS" starttime="20200517 01:37:15.242" endtime="20200517 01:37:15.269"></status>
</kw>
<kw name="Get Text" library="Selenium2Library">
<doc>Returns the text value of the element identified by ``locator``.</doc>
<arguments>
<arg>${locator_lbl_first_contentful_paint}</arg>
</arguments>
<assign>
<var>${resp}</var>
</assign>
<msg timestamp="20200517 01:37:15.298" level="INFO">${resp} = 0.8 s</msg>
<status status="PASS" starttime="20200517 01:37:15.269" endtime="20200517 01:37:15.298"></status>
</kw>
<kw name="Write File To Csv" library="Libwritefile">
<arguments>
<arg>${URL}</arg>
<arg>${lab_data_id}</arg>
<arg>${resp}</arg>
</arguments>
<msg timestamp="20200517 01:37:15.300" level="INFO">first-meaningful-paint</msg>
<status status="PASS" starttime="20200517 01:37:15.298" endtime="20200517 01:37:15.300"></status>
</kw>
<status status="PASS" starttime="20200517 01:37:15.242" endtime="20200517 01:37:15.300"></status>
</kw>
<kw name="${lab_data_id} = speed-index" type="foritem">
<kw name="Replace String" library="String">
<doc>Replaces ``search_for`` in the given ``string`` with ``replace_with``.</doc>
<arguments>
<arg>${lbl_lab_data_id}</arg>
<arg>v_lab_data_id</arg>
<arg>${lab_data_id}</arg>
</arguments>
<assign>
<var>${locator_lbl_first_contentful_paint}</var>
</assign>
<msg timestamp="20200517 01:37:15.301" level="INFO">${locator_lbl_first_contentful_paint} = (//div[contains(@class, "lh-metric lh-metric")][@id="speed-index"]/div//div[@class="lh-metric__value"])[2]</msg>
<status status="PASS" starttime="20200517 01:37:15.300" endtime="20200517 01:37:15.301"></status>
</kw>
<kw name="Wait Until Element Is Visible" library="Selenium2Library">
<doc>Waits until the element ``locator`` is visible.</doc>
<arguments>
<arg>${locator_lbl_first_contentful_paint}</arg>
<arg>${timeout_10m}</arg>
</arguments>
<status status="PASS" starttime="20200517 01:37:15.301" endtime="20200517 01:37:15.325"></status>
</kw>
<kw name="Get Text" library="Selenium2Library">
<doc>Returns the text value of the element identified by ``locator``.</doc>
<arguments>
<arg>${locator_lbl_first_contentful_paint}</arg>
</arguments>
<assign>
<var>${resp}</var>
</assign>
<msg timestamp="20200517 01:37:15.344" level="INFO">${resp} = 2.5 s</msg>
<status status="PASS" starttime="20200517 01:37:15.326" endtime="20200517 01:37:15.344"></status>
</kw>
<kw name="Write File To Csv" library="Libwritefile">
<arguments>
<arg>${URL}</arg>
<arg>${lab_data_id}</arg>
<arg>${resp}</arg>
</arguments>
<msg timestamp="20200517 01:37:15.346" level="INFO">speed-index</msg>
<status status="PASS" starttime="20200517 01:37:15.344" endtime="20200517 01:37:15.346"></status>
</kw>
<status status="PASS" starttime="20200517 01:37:15.300" endtime="20200517 01:37:15.346"></status>
</kw>
<kw name="${lab_data_id} = first-cpu-idle" type="foritem">
<kw name="Replace String" library="String">
<doc>Replaces ``search_for`` in the given ``string`` with ``replace_with``.</doc>
<arguments>
<arg>${lbl_lab_data_id}</arg>
<arg>v_lab_data_id</arg>
<arg>${lab_data_id}</arg>
</arguments>
<assign>
<var>${locator_lbl_first_contentful_paint}</var>
</assign>
<msg timestamp="20200517 01:37:15.346" level="INFO">${locator_lbl_first_contentful_paint} = (//div[contains(@class, "lh-metric lh-metric")][@id="first-cpu-idle"]/div//div[@class="lh-metric__value"])[2]</msg>
<status status="PASS" starttime="20200517 01:37:15.346" endtime="20200517 01:37:15.346"></status>
</kw>
<kw name="Wait Until Element Is Visible" library="Selenium2Library">
<doc>Waits until the element ``locator`` is visible.</doc>
<arguments>
<arg>${locator_lbl_first_contentful_paint}</arg>
<arg>${timeout_10m}</arg>
</arguments>
<status status="PASS" starttime="20200517 01:37:15.346" endtime="20200517 01:37:15.366"></status>
</kw>
<kw name="Get Text" library="Selenium2Library">
<doc>Returns the text value of the element identified by ``locator``.</doc>
<arguments>
<arg>${locator_lbl_first_contentful_paint}</arg>
</arguments>
<assign>
<var>${resp}</var>
</assign>
<msg timestamp="20200517 01:37:15.384" level="INFO">${resp} = 5.1 s</msg>
<status status="PASS" starttime="20200517 01:37:15.366" endtime="20200517 01:37:15.384"></status>
</kw>
<kw name="Write File To Csv" library="Libwritefile">
<arguments>
<arg>${URL}</arg>
<arg>${lab_data_id}</arg>
<arg>${resp}</arg>
</arguments>
<msg timestamp="20200517 01:37:15.386" level="INFO">first-cpu-idle</msg>
<status status="PASS" starttime="20200517 01:37:15.384" endtime="20200517 01:37:15.386"></status>
</kw>
<status status="PASS" starttime="20200517 01:37:15.346" endtime="20200517 01:37:15.386"></status>
</kw>
<kw name="${lab_data_id} = interactive" type="foritem">
<kw name="Replace String" library="String">
<doc>Replaces ``search_for`` in the given ``string`` with ``replace_with``.</doc>
<arguments>
<arg>${lbl_lab_data_id}</arg>
<arg>v_lab_data_id</arg>
<arg>${lab_data_id}</arg>
</arguments>
<assign>
<var>${locator_lbl_first_contentful_paint}</var>
</assign>
<msg timestamp="20200517 01:37:15.386" level="INFO">${locator_lbl_first_contentful_paint} = (//div[contains(@class, "lh-metric lh-metric")][@id="interactive"]/div//div[@class="lh-metric__value"])[2]</msg>
<status status="PASS" starttime="20200517 01:37:15.386" endtime="20200517 01:37:15.386"></status>
</kw>
<kw name="Wait Until Element Is Visible" library="Selenium2Library">
<doc>Waits until the element ``locator`` is visible.</doc>
<arguments>
<arg>${locator_lbl_first_contentful_paint}</arg>
<arg>${timeout_10m}</arg>
</arguments>
<status status="PASS" starttime="20200517 01:37:15.387" endtime="20200517 01:37:15.405"></status>
</kw>
<kw name="Get Text" library="Selenium2Library">
<doc>Returns the text value of the element identified by ``locator``.</doc>
<arguments>
<arg>${locator_lbl_first_contentful_paint}</arg>
</arguments>
<assign>
<var>${resp}</var>
</assign>
<msg timestamp="20200517 01:37:15.424" level="INFO">${resp} = 6.2 s</msg>
<status status="PASS" starttime="20200517 01:37:15.405" endtime="20200517 01:37:15.424"></status>
</kw>
<kw name="Write File To Csv" library="Libwritefile">
<arguments>
<arg>${URL}</arg>
<arg>${lab_data_id}</arg>
<arg>${resp}</arg>
</arguments>
<msg timestamp="20200517 01:37:15.425" level="INFO">interactive</msg>
<status status="PASS" starttime="20200517 01:37:15.424" endtime="20200517 01:37:15.425"></status>
</kw>
<status status="PASS" starttime="20200517 01:37:15.386" endtime="20200517 01:37:15.425"></status>
</kw>
<kw name="${lab_data_id} = max-potential-fid" type="foritem">
<kw name="Replace String" library="String">
<doc>Replaces ``search_for`` in the given ``string`` with ``replace_with``.</doc>
<arguments>
<arg>${lbl_lab_data_id}</arg>
<arg>v_lab_data_id</arg>
<arg>${lab_data_id}</arg>
</arguments>
<assign>
<var>${locator_lbl_first_contentful_paint}</var>
</assign>
<msg timestamp="20200517 01:37:15.425" level="INFO">${locator_lbl_first_contentful_paint} = (//div[contains(@class, "lh-metric lh-metric")][@id="max-potential-fid"]/div//div[@class="lh-metric__value"])[2]</msg>
<status status="PASS" starttime="20200517 01:37:15.425" endtime="20200517 01:37:15.425"></status>
</kw>
<kw name="Wait Until Element Is Visible" library="Selenium2Library">
<doc>Waits until the element ``locator`` is visible.</doc>
<arguments>
<arg>${locator_lbl_first_contentful_paint}</arg>
<arg>${timeout_10m}</arg>
</arguments>
<status status="PASS" starttime="20200517 01:37:15.426" endtime="20200517 01:37:15.450"></status>
</kw>
<kw name="Get Text" library="Selenium2Library">
<doc>Returns the text value of the element identified by ``locator``.</doc>
<arguments>
<arg>${locator_lbl_first_contentful_paint}</arg>
</arguments>
<assign>
<var>${resp}</var>
</assign>
<msg timestamp="20200517 01:37:15.474" level="INFO">${resp} = 140 ms</msg>
<status status="PASS" starttime="20200517 01:37:15.450" endtime="20200517 01:37:15.474"></status>
</kw>
<kw name="Write File To Csv" library="Libwritefile">
<arguments>
<arg>${URL}</arg>
<arg>${lab_data_id}</arg>
<arg>${resp}</arg>
</arguments>
<msg timestamp="20200517 01:37:15.475" level="INFO">max-potential-fid</msg>
<status status="PASS" starttime="20200517 01:37:15.474" endtime="20200517 01:37:15.475"></status>
</kw>
<status status="PASS" starttime="20200517 01:37:15.425" endtime="20200517 01:37:15.475"></status>
</kw>
<status status="PASS" starttime="20200517 01:37:15.181" endtime="20200517 01:37:15.475"></status>
</kw>
<status status="PASS" starttime="20200517 01:37:15.181" endtime="20200517 01:37:15.475"></status>
</kw>
<status status="PASS" starttime="20200517 01:36:50.746" endtime="20200517 01:37:15.475"></status>
</kw>
<kw name="${URL} = https://www.wemall.com/truepoint" type="foritem">
<kw name="Go To Pagespeed Insights">
<kw name="Open Browser" library="Selenium2Library">
<doc>Opens a new browser instance to the optional ``url``.</doc>
<arguments>
<arg>https://developers.google.com/speed/pagespeed/insights</arg>
<arg>gc</arg>
</arguments>
<msg timestamp="20200517 01:37:15.477" level="INFO">Opening browser 'gc' to base url 'https://developers.google.com/speed/pagespeed/insights'.</msg>
<status status="PASS" starttime="20200517 01:37:15.476" endtime="20200517 01:37:18.999"></status>
</kw>
<status status="PASS" starttime="20200517 01:37:15.476" endtime="20200517 01:37:18.999"></status>
</kw>
<kw name="Wait Until Element Is Visible" library="Selenium2Library">
<doc>Waits until the element ``locator`` is visible.</doc>
<arguments>
<arg>${txt_url}</arg>
<arg>${timeout_10m}</arg>
</arguments>
<status status="PASS" starttime="20200517 01:37:19.000" endtime="20200517 01:37:19.022"></status>
</kw>
<kw name="Wait Until Element Is Visible" library="Selenium2Library">
<doc>Waits until the element ``locator`` is visible.</doc>
<arguments>
<arg>${btn_analyze}</arg>
<arg>${timeout_10m}</arg>
</arguments>
<status status="PASS" starttime="20200517 01:37:19.023" endtime="20200517 01:37:19.041"></status>
</kw>
<kw name="Input Text" library="Selenium2Library">
<doc>Types the given ``text`` into the text field identified by ``locator``.</doc>
<arguments>
<arg>${txt_url}</arg>
<arg>${URL}</arg>
</arguments>
<msg timestamp="20200517 01:37:19.041" level="INFO">Typing text 'https://www.wemall.com/truepoint' into text field '//input[@class="url label-input-label"]'.</msg>
<status status="PASS" starttime="20200517 01:37:19.041" endtime="20200517 01:37:19.205"></status>
</kw>
<kw name="Click Element" library="Selenium2Library">
<doc>Click the element identified by ``locator``.</doc>
<arguments>
<arg>${btn_analyze}</arg>
</arguments>
<msg timestamp="20200517 01:37:19.206" level="INFO">Clicking element '//div[@class="button button-red analyze jfk-button main-submit"]'.</msg>
<status status="PASS" starttime="20200517 01:37:19.205" endtime="20200517 01:37:19.250"></status>
</kw>
<kw name="Click On Tab Desktop">
<kw name="Wait Until Element Is Visible" library="Selenium2Library">
<doc>Waits until the element ``locator`` is visible.</doc>
<arguments>
<arg>${div_desktop_tab}</arg>
<arg>30</arg>
</arguments>
<status status="PASS" starttime="20200517 01:37:19.251" endtime="20200517 01:37:34.984"></status>
</kw>
<kw name="Click Element" library="Selenium2Library">
<doc>Click the element identified by ``locator``.</doc>
<arguments>
<arg>${div_desktop_tab}</arg>
</arguments>
<msg timestamp="20200517 01:37:34.984" level="INFO">Clicking element '//div[@class="goog-tab"]'.</msg>
<status status="PASS" starttime="20200517 01:37:34.984" endtime="20200517 01:37:35.153"></status>
</kw>
<status status="PASS" starttime="20200517 01:37:19.251" endtime="20200517 01:37:35.153"></status>
</kw>
<kw name="Show Metric By Lab Data ID">
<arguments>
<arg>${URL}</arg>
<arg>@{LAB_DATA}</arg>
</arguments>
<kw name="${lab_data_id} IN [ @{LAB_DATA} ]" type="for">
<kw name="${lab_data_id} = first-contentful-paint" type="foritem">
<kw name="Replace String" library="String">
<doc>Replaces ``search_for`` in the given ``string`` with ``replace_with``.</doc>
<arguments>
<arg>${lbl_lab_data_id}</arg>
<arg>v_lab_data_id</arg>
<arg>${lab_data_id}</arg>
</arguments>
<assign>
<var>${locator_lbl_first_contentful_paint}</var>
</assign>
<msg timestamp="20200517 01:37:35.157" level="INFO">${locator_lbl_first_contentful_paint} = (//div[contains(@class, "lh-metric lh-metric")][@id="first-contentful-paint"]/div//div[@class="lh-metric__value"])[2]</msg>
<status status="PASS" starttime="20200517 01:37:35.154" endtime="20200517 01:37:35.157"></status>
</kw>
<kw name="Wait Until Element Is Visible" library="Selenium2Library">
<doc>Waits until the element ``locator`` is visible.</doc>
<arguments>
<arg>${locator_lbl_first_contentful_paint}</arg>
<arg>${timeout_10m}</arg>
</arguments>
<status status="PASS" starttime="20200517 01:37:35.157" endtime="20200517 01:37:35.197"></status>
</kw>
<kw name="Get Text" library="Selenium2Library">
<doc>Returns the text value of the element identified by ``locator``.</doc>
<arguments>
<arg>${locator_lbl_first_contentful_paint}</arg>
</arguments>
<assign>
<var>${resp}</var>
</assign>
<msg timestamp="20200517 01:37:35.229" level="INFO">${resp} = 1.0 s</msg>
<status status="PASS" starttime="20200517 01:37:35.197" endtime="20200517 01:37:35.229"></status>
</kw>
<kw name="Write File To Csv" library="Libwritefile">
<arguments>
<arg>${URL}</arg>
<arg>${lab_data_id}</arg>
<arg>${resp}</arg>
</arguments>
<msg timestamp="20200517 01:37:35.230" level="INFO">first-contentful-paint</msg>
<status status="PASS" starttime="20200517 01:37:35.229" endtime="20200517 01:37:35.230"></status>
</kw>
<status status="PASS" starttime="20200517 01:37:35.154" endtime="20200517 01:37:35.230"></status>
</kw>
<kw name="${lab_data_id} = first-meaningful-paint" type="foritem">
<kw name="Replace String" library="String">
<doc>Replaces ``search_for`` in the given ``string`` with ``replace_with``.</doc>
<arguments>
<arg>${lbl_lab_data_id}</arg>
<arg>v_lab_data_id</arg>
<arg>${lab_data_id}</arg>
</arguments>
<assign>
<var>${locator_lbl_first_contentful_paint}</var>
</assign>
<msg timestamp="20200517 01:37:35.231" level="INFO">${locator_lbl_first_contentful_paint} = (//div[contains(@class, "lh-metric lh-metric")][@id="first-meaningful-paint"]/div//div[@class="lh-metric__value"])[2]</msg>
<status status="PASS" starttime="20200517 01:37:35.231" endtime="20200517 01:37:35.231"></status>
</kw>
<kw name="Wait Until Element Is Visible" library="Selenium2Library">
<doc>Waits until the element ``locator`` is visible.</doc>
<arguments>
<arg>${locator_lbl_first_contentful_paint}</arg>
<arg>${timeout_10m}</arg>
</arguments>
<status status="PASS" starttime="20200517 01:37:35.231" endtime="20200517 01:37:35.260"></status>
</kw>
<kw name="Get Text" library="Selenium2Library">
<doc>Returns the text value of the element identified by ``locator``.</doc>
<arguments>
<arg>${locator_lbl_first_contentful_paint}</arg>
</arguments>
<assign>
<var>${resp}</var>
</assign>
<msg timestamp="20200517 01:37:35.286" level="INFO">${resp} = 1.0 s</msg>
<status status="PASS" starttime="20200517 01:37:35.261" endtime="20200517 01:37:35.286"></status>
</kw>
<kw name="Write File To Csv" library="Libwritefile">
<arguments>
<arg>${URL}</arg>
<arg>${lab_data_id}</arg>
<arg>${resp}</arg>
</arguments>
<msg timestamp="20200517 01:37:35.289" level="INFO">first-meaningful-paint</msg>
<status status="PASS" starttime="20200517 01:37:35.286" endtime="20200517 01:37:35.289"></status>
</kw>
<status status="PASS" starttime="20200517 01:37:35.230" endtime="20200517 01:37:35.289"></status>
</kw>
<kw name="${lab_data_id} = speed-index" type="foritem">
<kw name="Replace String" library="String">
<doc>Replaces ``search_for`` in the given ``string`` with ``replace_with``.</doc>
<arguments>
<arg>${lbl_lab_data_id}</arg>
<arg>v_lab_data_id</arg>
<arg>${lab_data_id}</arg>
</arguments>
<assign>
<var>${locator_lbl_first_contentful_paint}</var>
</assign>
<msg timestamp="20200517 01:37:35.290" level="INFO">${locator_lbl_first_contentful_paint} = (//div[contains(@class, "lh-metric lh-metric")][@id="speed-index"]/div//div[@class="lh-metric__value"])[2]</msg>
<status status="PASS" starttime="20200517 01:37:35.289" endtime="20200517 01:37:35.290"></status>
</kw>
<kw name="Wait Until Element Is Visible" library="Selenium2Library">
<doc>Waits until the element ``locator`` is visible.</doc>
<arguments>
<arg>${locator_lbl_first_contentful_paint}</arg>
<arg>${timeout_10m}</arg>
</arguments>
<status status="PASS" starttime="20200517 01:37:35.290" endtime="20200517 01:37:35.320"></status>
</kw>
<kw name="Get Text" library="Selenium2Library">
<doc>Returns the text value of the element identified by ``locator``.</doc>
<arguments>
<arg>${locator_lbl_first_contentful_paint}</arg>
</arguments>
<assign>
<var>${resp}</var>
</assign>
<msg timestamp="20200517 01:37:35.343" level="INFO">${resp} = 2.5 s</msg>
<status status="PASS" starttime="20200517 01:37:35.320" endtime="20200517 01:37:35.343"></status>
</kw>
<kw name="Write File To Csv" library="Libwritefile">
<arguments>
<arg>${URL}</arg>
<arg>${lab_data_id}</arg>
<arg>${resp}</arg>
</arguments>
<msg timestamp="20200517 01:37:35.345" level="INFO">speed-index</msg>
<status status="PASS" starttime="20200517 01:37:35.343" endtime="20200517 01:37:35.345"></status>
</kw>
<status status="PASS" starttime="20200517 01:37:35.289" endtime="20200517 01:37:35.345"></status>
</kw>
<kw name="${lab_data_id} = first-cpu-idle" type="foritem">
<kw name="Replace String" library="String">
<doc>Replaces ``search_for`` in the given ``string`` with ``replace_with``.</doc>
<arguments>
<arg>${lbl_lab_data_id}</arg>
<arg>v_lab_data_id</arg>
<arg>${lab_data_id}</arg>
</arguments>
<assign>
<var>${locator_lbl_first_contentful_paint}</var>
</assign>
<msg timestamp="20200517 01:37:35.346" level="INFO">${locator_lbl_first_contentful_paint} = (//div[contains(@class, "lh-metric lh-metric")][@id="first-cpu-idle"]/div//div[@class="lh-metric__value"])[2]</msg>
<status status="PASS" starttime="20200517 01:37:35.345" endtime="20200517 01:37:35.346"></status>
</kw>
<kw name="Wait Until Element Is Visible" library="Selenium2Library">
<doc>Waits until the element ``locator`` is visible.</doc>
<arguments>
<arg>${locator_lbl_first_contentful_paint}</arg>
<arg>${timeout_10m}</arg>
</arguments>
<status status="PASS" starttime="20200517 01:37:35.347" endtime="20200517 01:37:35.372"></status>
</kw>
<kw name="Get Text" library="Selenium2Library">
<doc>Returns the text value of the element identified by ``locator``.</doc>
<arguments>
<arg>${locator_lbl_first_contentful_paint}</arg>
</arguments>
<assign>
<var>${resp}</var>
</assign>
<msg timestamp="20200517 01:37:35.393" level="INFO">${resp} = 4.5 s</msg>
<status status="PASS" starttime="20200517 01:37:35.373" endtime="20200517 01:37:35.393"></status>
</kw>
<kw name="Write File To Csv" library="Libwritefile">
<arguments>
<arg>${URL}</arg>
<arg>${lab_data_id}</arg>
<arg>${resp}</arg>
</arguments>
<msg timestamp="20200517 01:37:35.396" level="INFO">first-cpu-idle</msg>
<status status="PASS" starttime="20200517 01:37:35.393" endtime="20200517 01:37:35.396"></status>
</kw>
<status status="PASS" starttime="20200517 01:37:35.345" endtime="20200517 01:37:35.396"></status>
</kw>
<kw name="${lab_data_id} = interactive" type="foritem">
<kw name="Replace String" library="String">
<doc>Replaces ``search_for`` in the given ``string`` with ``replace_with``.</doc>
<arguments>
<arg>${lbl_lab_data_id}</arg>
<arg>v_lab_data_id</arg>
<arg>${lab_data_id}</arg>
</arguments>
<assign>
<var>${locator_lbl_first_contentful_paint}</var>
</assign>
<msg timestamp="20200517 01:37:35.397" level="INFO">${locator_lbl_first_contentful_paint} = (//div[contains(@class, "lh-metric lh-metric")][@id="interactive"]/div//div[@class="lh-metric__value"])[2]</msg>
<status status="PASS" starttime="20200517 01:37:35.397" endtime="20200517 01:37:35.398"></status>
</kw>
<kw name="Wait Until Element Is Visible" library="Selenium2Library">
<doc>Waits until the element ``locator`` is visible.</doc>
<arguments>
<arg>${locator_lbl_first_contentful_paint}</arg>
<arg>${timeout_10m}</arg>
</arguments>
<status status="PASS" starttime="20200517 01:37:35.398" endtime="20200517 01:37:35.427"></status>
</kw>
<kw name="Get Text" library="Selenium2Library">
<doc>Returns the text value of the element identified by ``locator``.</doc>
<arguments>
<arg>${locator_lbl_first_contentful_paint}</arg>
</arguments>
<assign>
<var>${resp}</var>
</assign>
<msg timestamp="20200517 01:37:35.450" level="INFO">${resp} = 5.1 s</msg>
<status status="PASS" starttime="20200517 01:37:35.428" endtime="20200517 01:37:35.450"></status>
</kw>
<kw name="Write File To Csv" library="Libwritefile">
<arguments>
<arg>${URL}</arg>
<arg>${lab_data_id}</arg>
<arg>${resp}</arg>
</arguments>
<msg timestamp="20200517 01:37:35.451" level="INFO">interactive</msg>
<status status="PASS" starttime="20200517 01:37:35.450" endtime="20200517 01:37:35.451"></status>
</kw>
<status status="PASS" starttime="20200517 01:37:35.396" endtime="20200517 01:37:35.451"></status>
</kw>
<kw name="${lab_data_id} = max-potential-fid" type="foritem">
<kw name="Replace String" library="String">
<doc>Replaces ``search_for`` in the given ``string`` with ``replace_with``.</doc>
<arguments>
<arg>${lbl_lab_data_id}</arg>
<arg>v_lab_data_id</arg>
<arg>${lab_data_id}</arg>
</arguments>
<assign>
<var>${locator_lbl_first_contentful_paint}</var>
</assign>
<msg timestamp="20200517 01:37:35.452" level="INFO">${locator_lbl_first_contentful_paint} = (//div[contains(@class, "lh-metric lh-metric")][@id="max-potential-fid"]/div//div[@class="lh-metric__value"])[2]</msg>
<status status="PASS" starttime="20200517 01:37:35.451" endtime="20200517 01:37:35.452"></status>
</kw>
<kw name="Wait Until Element Is Visible" library="Selenium2Library">
<doc>Waits until the element ``locator`` is visible.</doc>
<arguments>
<arg>${locator_lbl_first_contentful_paint}</arg>
<arg>${timeout_10m}</arg>
</arguments>
<status status="PASS" starttime="20200517 01:37:35.452" endtime="20200517 01:37:35.470"></status>
</kw>
<kw name="Get Text" library="Selenium2Library">
<doc>Returns the text value of the element identified by ``locator``.</doc>
<arguments>
<arg>${locator_lbl_first_contentful_paint}</arg>
</arguments>
<assign>
<var>${resp}</var>
</assign>
<msg timestamp="20200517 01:37:35.486" level="INFO">${resp} = 190 ms</msg>
<status status="PASS" starttime="20200517 01:37:35.470" endtime="20200517 01:37:35.486"></status>
</kw>
<kw name="Write File To Csv" library="Libwritefile">
<arguments>
<arg>${URL}</arg>
<arg>${lab_data_id}</arg>
<arg>${resp}</arg>
</arguments>
<msg timestamp="20200517 01:37:35.488" level="INFO">max-potential-fid</msg>
<status status="PASS" starttime="20200517 01:37:35.486" endtime="20200517 01:37:35.488"></status>
</kw>
<status status="PASS" starttime="20200517 01:37:35.451" endtime="20200517 01:37:35.488"></status>
</kw>
<status status="PASS" starttime="20200517 01:37:35.154" endtime="20200517 01:37:35.488"></status>
</kw>
<status status="PASS" starttime="20200517 01:37:35.153" endtime="20200517 01:37:35.488"></status>
</kw>
<status status="PASS" starttime="20200517 01:37:15.476" endtime="20200517 01:37:35.488"></status>
</kw>
<status status="PASS" starttime="20200517 01:36:50.746" endtime="20200517 01:37:35.488"></status>
</kw>
<status status="PASS" starttime="20200517 01:36:50.745" endtime="20200517 01:37:35.489"></status>
</kw>
<status status="PASS" starttime="20200517 01:36:50.745" endtime="20200517 01:37:35.489" critical="yes"></status>
</test>
<status status="PASS" starttime="20200517 01:36:50.560" endtime="20200517 01:37:35.490"></status>
</suite>
<statistics>
<total>
<stat pass="1" fail="0">Critical Tests</stat>
<stat pass="1" fail="0">All Tests</stat>
</total>
<tag>
</tag>
<suite>
<stat pass="1" fail="0" id="s1" name="Test">Test</stat>
</suite>
</statistics>
<errors>
</errors>
</robot>
